# JRE version: Java(TM) SE Runtime Environment (8.0_111-b14) (build 1.8.0_111-b14)
# Java VM: Java HotSpot(TM) 64-Bit Server VM (25.111-b14 mixed mode windows-amd64 compressed oops)
Heap:
 PSYoungGen      total 141824K, used 114729K [0x000000076b200000, 0x000000077c700000, 0x00000007c0000000)
  eden space 131072K, 87% used [0x000000076b200000,0x000000077220a798,0x0000000773200000)
  from space 10752K, 0% used [0x0000000773200000,0x0000000773200000,0x0000000773c80000)
  to   space 10752K, 0% used [0x000000077bc80000,0x000000077bc80000,0x000000077c700000)
 ParOldGen       total 369152K, used 169741K [0x00000006c1600000, 0x00000006d7e80000, 0x000000076b200000)
  object space 369152K, 45% used [0x00000006c1600000,0x00000006cbbc3538,0x00000006d7e80000)
 Metaspace       used 10633K, capacity 10839K, committed 11136K, reserved 1058816K
  class space    used 1252K, capacity 1323K, committed 1408K, reserved 1048576K
GC Heap History (8 events):
Event: 1.887 GC heap before
{Heap before GC invocations=1 (full 0):
 PSYoungGen      total 76288K, used 65536K [0x000000076b200000, 0x0000000770700000, 0x00000007c0000000)
  eden space 65536K, 100% used [0x000000076b200000,0x000000076f200000,0x000000076f200000)
  from space 10752K, 0% used [0x000000076fc80000,0x000000076fc80000,0x0000000770700000)
  to   space 10752K, 0% used [0x000000076f200000,0x000000076f200000,0x000000076fc80000)
 ParOldGen       total 175104K, used 0K [0x00000006c1600000, 0x00000006cc100000, 0x000000076b200000)
  object space 175104K, 0% used [0x00000006c1600000,0x00000006c1600000,0x00000006cc100000)
 Metaspace       used 9925K, capacity 10128K, committed 10368K, reserved 1058816K
  class space    used 1198K, capacity 1291K, committed 1408K, reserved 1048576K
Event: 1.907 GC heap after
Heap after GC invocations=1 (full 0):
 PSYoungGen      total 76288K, used 10740K [0x000000076b200000, 0x0000000774700000, 0x00000007c0000000)
  eden space 65536K, 0% used [0x000000076b200000,0x000000076b200000,0x000000076f200000)
  from space 10752K, 99% used [0x000000076f200000,0x000000076fc7d0f0,0x000000076fc80000)
  to   space 10752K, 0% used [0x0000000773c80000,0x0000000773c80000,0x0000000774700000)
 ParOldGen       total 175104K, used 40376K [0x00000006c1600000, 0x00000006cc100000, 0x000000076b200000)
  object space 175104K, 23% used [0x00000006c1600000,0x00000006c3d6e000,0x00000006cc100000)
 Metaspace       used 9925K, capacity 10128K, committed 10368K, reserved 1058816K
  class space    used 1198K, capacity 1291K, committed 1408K, reserved 1048576K
}
Event: 2.229 GC heap before
{Heap before GC invocations=2 (full 0):
 PSYoungGen      total 76288K, used 76276K [0x000000076b200000, 0x0000000774700000, 0x00000007c0000000)
  eden space 65536K, 100% used [0x000000076b200000,0x000000076f200000,0x000000076f200000)
  from space 10752K, 99% used [0x000000076f200000,0x000000076fc7d0f0,0x000000076fc80000)
  to   space 10752K, 0% used [0x0000000773c80000,0x0000000773c80000,0x0000000774700000)
 ParOldGen       total 175104K, used 40376K [0x00000006c1600000, 0x00000006cc100000, 0x000000076b200000)
  object space 175104K, 23% used [0x00000006c1600000,0x00000006c3d6e000,0x00000006cc100000)
 Metaspace       used 9944K, capacity 10192K, committed 10368K, reserved 1058816K
  class space    used 1201K, capacity 1291K, committed 1408K, reserved 1048576K
Event: 2.255 GC heap after
Heap after GC invocations=2 (full 0):
 PSYoungGen      total 141824K, used 10744K [0x000000076b200000, 0x0000000774700000, 0x00000007c0000000)
  eden space 131072K, 0% used [0x000000076b200000,0x000000076b200000,0x0000000773200000)
  from space 10752K, 99% used [0x0000000773c80000,0x00000007746fe090,0x0000000774700000)
  to   space 10752K, 0% used [0x0000000773200000,0x0000000773200000,0x0000000773c80000)
 ParOldGen       total 175104K, used 86550K [0x00000006c1600000, 0x00000006cc100000, 0x000000076b200000)
  object space 175104K, 49% used [0x00000006c1600000,0x00000006c6a85900,0x00000006cc100000)
 Metaspace       used 9944K, capacity 10192K, committed 10368K, reserved 1058816K
  class space    used 1201K, capacity 1291K, committed 1408K, reserved 1048576K
}
Event: 3.395 GC heap before
{Heap before GC invocations=3 (full 0):
 PSYoungGen      total 141824K, used 141816K [0x000000076b200000, 0x0000000774700000, 0x00000007c0000000)
  eden space 131072K, 100% used [0x000000076b200000,0x0000000773200000,0x0000000773200000)
  from space 10752K, 99% used [0x0000000773c80000,0x00000007746fe090,0x0000000774700000)
  to   space 10752K, 0% used [0x0000000773200000,0x0000000773200000,0x0000000773c80000)
 ParOldGen       total 175104K, used 86550K [0x00000006c1600000, 0x00000006cc100000, 0x000000076b200000)
  object space 175104K, 49% used [0x00000006c1600000,0x00000006c6a85900,0x00000006cc100000)
 Metaspace       used 9994K, capacity 10192K, committed 10368K, reserved 1058816K
  class space    used 1201K, capacity 1291K, committed 1408K, reserved 1048576K
Event: 3.460 GC heap after
Heap after GC invocations=3 (full 0):
 PSYoungGen      total 141824K, used 10720K [0x000000076b200000, 0x000000077c700000, 0x00000007c0000000)
  eden space 131072K, 0% used [0x000000076b200000,0x000000076b200000,0x0000000773200000)
  from space 10752K, 99% used [0x0000000773200000,0x0000000773c78070,0x0000000773c80000)
  to   space 10752K, 0% used [0x000000077bc80000,0x000000077bc80000,0x000000077c700000)
 ParOldGen       total 175104K, used 167453K [0x00000006c1600000, 0x00000006cc100000, 0x000000076b200000)
  object space 175104K, 95% used [0x00000006c1600000,0x00000006cb987478,0x00000006cc100000)
 Metaspace       used 9994K, capacity 10192K, committed 10368K, reserved 1058816K
  class space    used 1201K, capacity 1291K, committed 1408K, reserved 1048576K
}
Event: 3.460 GC heap before
{Heap before GC invocations=4 (full 1):
 PSYoungGen      total 141824K, used 10720K [0x000000076b200000, 0x000000077c700000, 0x00000007c0000000)
  eden space 131072K, 0% used [0x000000076b200000,0x000000076b200000,0x0000000773200000)
  from space 10752K, 99% used [0x0000000773200000,0x0000000773c78070,0x0000000773c80000)
  to   space 10752K, 0% used [0x000000077bc80000,0x000000077bc80000,0x000000077c700000)
 ParOldGen       total 175104K, used 167453K [0x00000006c1600000, 0x00000006cc100000, 0x000000076b200000)
  object space 175104K, 95% used [0x00000006c1600000,0x00000006cb987478,0x00000006cc100000)
 Metaspace       used 9994K, capacity 10192K, committed 10368K, reserved 1058816K
  class space    used 1201K, capacity 1291K, committed 1408K, reserved 1048576K
Event: 4.043 GC heap after
Heap after GC invocations=4 (full 1):
 PSYoungGen      total 141824K, used 0K [0x000000076b200000, 0x000000077c700000, 0x00000007c0000000)
  eden space 131072K, 0% used [0x000000076b200000,0x000000076b200000,0x0000000773200000)
  from space 10752K, 0% used [0x0000000773200000,0x0000000773200000,0x0000000773c80000)
  to   space 10752K, 0% used [0x000000077bc80000,0x000000077bc80000,0x000000077c700000)
 ParOldGen       total 369152K, used 169741K [0x00000006c1600000, 0x00000006d7e80000, 0x000000076b200000)
  object space 369152K, 45% used [0x00000006c1600000,0x00000006cbbc3538,0x00000006d7e80000)
 Metaspace       used 9994K, capacity 10192K, committed 10368K, reserved 1058816K
  class space    used 1201K, capacity 1291K, committed 1408K, reserved 1048576K
}

